<coverage timestamp="1665348849" version="0.982" line-rate="0.7954" branch-rate="0">
  <sources>
    <source>/Users/kevinmccartney/workspace/wethe.party/projects/wtp_cli</source>
  </sources>
  <packages>
    <package complexity="1.0" name="cli" branch-rate="0" line-rate="1.0000">
      <classes>
        <class complexity="1.0" filename="wtp_cli/cli.py" name="cli.py" branch-rate="0" line-rate="1.0000">
          <methods/>
          <lines>
            <line branch="false" hits="1" number="6" precision="precise"/>
            <line branch="false" hits="1" number="7" precision="precise"/>
            <line branch="false" hits="1" number="8" precision="precise"/>
            <line branch="false" hits="1" number="11" precision="precise"/>
            <line branch="false" hits="1" number="12" precision="precise"/>
            <line branch="false" hits="1" number="17" precision="precise"/>
            <line branch="false" hits="1" number="20" precision="precise"/>
          </lines>
        </class>
      </classes>
    </package>
    <package complexity="1.0" name="generate" branch-rate="0" line-rate="0.8658">
      <classes>
        <class complexity="1.0" filename="wtp_cli/generate.py" name="generate.py" branch-rate="0" line-rate="0.8658">
          <methods/>
          <lines>
            <line branch="false" hits="1" number="6" precision="precise"/>
            <line branch="false" hits="1" number="7" precision="precise"/>
            <line branch="false" hits="1" number="8" precision="precise"/>
            <line branch="false" hits="1" number="9" precision="precise"/>
            <line branch="false" hits="1" number="11" precision="precise"/>
            <line branch="false" hits="1" number="12" precision="precise"/>
            <line branch="false" hits="1" number="13" precision="precise"/>
            <line branch="true" hits="1" number="16" precision="imprecise" condition-coverage="50% (1/2)"/>
            <line branch="false" hits="0" number="21" precision="any"/>
            <line branch="false" hits="0" number="22" precision="any"/>
            <line branch="false" hits="0" number="23" precision="any"/>
            <line branch="false" hits="0" number="24" precision="any"/>
            <line branch="false" hits="0" number="25" precision="any"/>
            <line branch="false" hits="0" number="26" precision="any"/>
            <line branch="true" hits="1" number="27" precision="imprecise" condition-coverage="50% (1/2)"/>
            <line branch="false" hits="1" number="28" precision="precise"/>
            <line branch="true" hits="1" number="30" precision="imprecise" condition-coverage="50% (1/2)"/>
            <line branch="false" hits="1" number="32" precision="precise"/>
            <line branch="false" hits="0" number="33" precision="any"/>
            <line branch="false" hits="1" number="35" precision="precise"/>
            <line branch="false" hits="0" number="37" precision="any"/>
            <line branch="false" hits="1" number="38" precision="precise"/>
            <line branch="false" hits="1" number="39" precision="precise"/>
            <line branch="false" hits="1" number="42" precision="precise"/>
            <line branch="false" hits="1" number="44" precision="precise"/>
            <line branch="false" hits="1" number="45" precision="precise"/>
            <line branch="false" hits="1" number="46" precision="precise"/>
            <line branch="false" hits="1" number="47" precision="precise"/>
            <line branch="false" hits="1" number="50" precision="precise"/>
            <line branch="false" hits="0" number="52" precision="any"/>
            <line branch="false" hits="1" number="55" precision="precise"/>
            <line branch="false" hits="1" number="57" precision="precise"/>
            <line branch="false" hits="1" number="59" precision="precise"/>
            <line branch="false" hits="1" number="60" precision="precise"/>
            <line branch="false" hits="1" number="61" precision="precise"/>
            <line branch="false" hits="1" number="63" precision="precise"/>
            <line branch="false" hits="1" number="65" precision="precise"/>
            <line branch="false" hits="1" number="68" precision="precise"/>
            <line branch="true" hits="1" number="76" precision="imprecise" condition-coverage="50% (1/2)"/>
            <line branch="false" hits="1" number="77" precision="precise"/>
            <line branch="true" hits="1" number="80" precision="imprecise" condition-coverage="50% (1/2)"/>
            <line branch="true" hits="1" number="81" precision="imprecise" condition-coverage="50% (1/2)"/>
            <line branch="true" hits="1" number="82" precision="imprecise" condition-coverage="50% (1/2)"/>
            <line branch="true" hits="1" number="84" precision="imprecise" condition-coverage="50% (1/2)"/>
            <line branch="true" hits="1" number="85" precision="imprecise" condition-coverage="50% (1/2)"/>
            <line branch="true" hits="1" number="86" precision="imprecise" condition-coverage="50% (1/2)"/>
            <line branch="false" hits="1" number="87" precision="precise"/>
            <line branch="false" hits="0" number="89" precision="any"/>
            <line branch="false" hits="1" number="91" precision="precise"/>
            <line branch="false" hits="1" number="93" precision="precise"/>
            <line branch="false" hits="1" number="95" precision="precise"/>
            <line branch="false" hits="1" number="96" precision="precise"/>
            <line branch="false" hits="1" number="97" precision="precise"/>
            <line branch="true" hits="1" number="100" precision="imprecise" condition-coverage="50% (1/2)"/>
            <line branch="false" hits="1" number="102" precision="precise"/>
            <line branch="false" hits="0" number="103" precision="any"/>
            <line branch="false" hits="0" number="105" precision="any"/>
            <line branch="true" hits="1" number="108" precision="imprecise" condition-coverage="50% (1/2)"/>
            <line branch="false" hits="1" number="112" precision="precise"/>
            <line branch="false" hits="1" number="113" precision="precise"/>
            <line branch="false" hits="0" number="114" precision="any"/>
            <line branch="false" hits="1" number="117" precision="precise"/>
            <line branch="true" hits="1" number="119" precision="imprecise" condition-coverage="50% (1/2)"/>
            <line branch="false" hits="0" number="120" precision="any"/>
            <line branch="false" hits="1" number="121" precision="precise"/>
            <line branch="false" hits="1" number="125" precision="precise"/>
            <line branch="false" hits="0" number="126" precision="any"/>
            <line branch="false" hits="1" number="129" precision="precise"/>
            <line branch="true" hits="1" number="132" precision="imprecise" condition-coverage="50% (1/2)"/>
            <line branch="false" hits="1" number="137" precision="precise"/>
            <line branch="true" hits="1" number="138" precision="imprecise" condition-coverage="50% (1/2)"/>
            <line branch="false" hits="1" number="140" precision="precise"/>
            <line branch="false" hits="1" number="142" precision="precise"/>
            <line branch="true" hits="1" number="144" precision="imprecise" condition-coverage="50% (1/2)"/>
            <line branch="false" hits="1" number="145" precision="precise"/>
            <line branch="true" hits="1" number="148" precision="imprecise" condition-coverage="50% (1/2)"/>
            <line branch="false" hits="1" number="150" precision="precise"/>
            <line branch="true" hits="1" number="151" precision="imprecise" condition-coverage="50% (1/2)"/>
            <line branch="false" hits="1" number="152" precision="precise"/>
            <line branch="true" hits="1" number="155" precision="imprecise" condition-coverage="50% (1/2)"/>
            <line branch="false" hits="1" number="157" precision="precise"/>
            <line branch="true" hits="1" number="158" precision="imprecise" condition-coverage="50% (1/2)"/>
            <line branch="false" hits="1" number="159" precision="precise"/>
            <line branch="true" hits="1" number="162" precision="imprecise" condition-coverage="50% (1/2)"/>
            <line branch="true" hits="1" number="164" precision="imprecise" condition-coverage="50% (1/2)"/>
            <line branch="false" hits="1" number="167" precision="precise"/>
            <line branch="false" hits="1" number="168" precision="precise"/>
            <line branch="false" hits="1" number="172" precision="precise"/>
            <line branch="false" hits="1" number="173" precision="precise"/>
            <line branch="false" hits="1" number="177" precision="precise"/>
            <line branch="false" hits="0" number="178" precision="any"/>
            <line branch="false" hits="1" number="179" precision="precise"/>
            <line branch="false" hits="1" number="180" precision="precise"/>
            <line branch="false" hits="1" number="181" precision="precise"/>
            <line branch="false" hits="1" number="182" precision="precise"/>
            <line branch="false" hits="1" number="183" precision="precise"/>
            <line branch="false" hits="0" number="185" precision="any"/>
            <line branch="false" hits="1" number="186" precision="precise"/>
            <line branch="false" hits="1" number="187" precision="precise"/>
            <line branch="false" hits="1" number="188" precision="precise"/>
            <line branch="false" hits="1" number="189" precision="precise"/>
            <line branch="false" hits="1" number="190" precision="precise"/>
            <line branch="false" hits="1" number="191" precision="precise"/>
            <line branch="false" hits="0" number="193" precision="any"/>
            <line branch="false" hits="1" number="194" precision="precise"/>
            <line branch="false" hits="1" number="195" precision="precise"/>
            <line branch="false" hits="1" number="196" precision="precise"/>
            <line branch="false" hits="1" number="197" precision="precise"/>
            <line branch="false" hits="1" number="198" precision="precise"/>
            <line branch="false" hits="1" number="199" precision="precise"/>
            <line branch="false" hits="0" number="201" precision="any"/>
            <line branch="false" hits="1" number="202" precision="precise"/>
            <line branch="false" hits="1" number="203" precision="precise"/>
            <line branch="false" hits="1" number="204" precision="precise"/>
            <line branch="false" hits="1" number="206" precision="precise"/>
            <line branch="false" hits="1" number="207" precision="precise"/>
            <line branch="false" hits="1" number="208" precision="precise"/>
            <line branch="false" hits="1" number="209" precision="precise"/>
            <line branch="false" hits="1" number="210" precision="precise"/>
            <line branch="false" hits="1" number="211" precision="precise"/>
            <line branch="false" hits="1" number="212" precision="precise"/>
            <line branch="false" hits="1" number="213" precision="precise"/>
            <line branch="false" hits="1" number="214" precision="precise"/>
            <line branch="false" hits="1" number="215" precision="precise"/>
            <line branch="false" hits="1" number="216" precision="precise"/>
            <line branch="false" hits="1" number="217" precision="precise"/>
            <line branch="false" hits="1" number="218" precision="precise"/>
            <line branch="false" hits="1" number="220" precision="precise"/>
            <line branch="false" hits="1" number="222" precision="precise"/>
            <line branch="false" hits="1" number="223" precision="precise"/>
            <line branch="false" hits="1" number="224" precision="precise"/>
            <line branch="false" hits="0" number="226" precision="any"/>
            <line branch="false" hits="1" number="227" precision="precise"/>
            <line branch="false" hits="1" number="228" precision="precise"/>
            <line branch="false" hits="1" number="229" precision="precise"/>
            <line branch="false" hits="1" number="230" precision="precise"/>
            <line branch="false" hits="1" number="231" precision="precise"/>
            <line branch="false" hits="1" number="232" precision="precise"/>
            <line branch="false" hits="1" number="234" precision="precise"/>
            <line branch="false" hits="1" number="238" precision="precise"/>
            <line branch="true" hits="1" number="247" precision="imprecise" condition-coverage="50% (1/2)"/>
            <line branch="false" hits="1" number="249" precision="precise"/>
            <line branch="false" hits="1" number="250" precision="precise"/>
            <line branch="false" hits="1" number="251" precision="precise"/>
            <line branch="false" hits="1" number="252" precision="precise"/>
            <line branch="false" hits="1" number="253" precision="precise"/>
            <line branch="false" hits="1" number="254" precision="precise"/>
            <line branch="false" hits="1" number="259" precision="precise"/>
            <line branch="false" hits="1" number="260" precision="precise"/>
          </lines>
        </class>
      </classes>
    </package>
    <package complexity="1.0" name="run" branch-rate="0" line-rate="0.7738">
      <classes>
        <class complexity="1.0" filename="wtp_cli/run.py" name="run.py" branch-rate="0" line-rate="0.7738">
          <methods/>
          <lines>
            <line branch="false" hits="1" number="1" precision="precise"/>
            <line branch="false" hits="1" number="2" precision="precise"/>
            <line branch="false" hits="1" number="3" precision="precise"/>
            <line branch="false" hits="1" number="4" precision="precise"/>
            <line branch="false" hits="1" number="5" precision="precise"/>
            <line branch="false" hits="1" number="7" precision="precise"/>
            <line branch="false" hits="1" number="8" precision="precise"/>
            <line branch="false" hits="1" number="9" precision="precise"/>
            <line branch="false" hits="1" number="12" precision="precise"/>
            <line branch="false" hits="1" number="13" precision="precise"/>
            <line branch="false" hits="1" number="15" precision="precise"/>
            <line branch="false" hits="1" number="17" precision="precise"/>
            <line branch="false" hits="1" number="19" precision="precise"/>
            <line branch="false" hits="1" number="20" precision="precise"/>
            <line branch="false" hits="1" number="23" precision="precise"/>
            <line branch="false" hits="1" number="25" precision="precise"/>
            <line branch="false" hits="1" number="26" precision="precise"/>
            <line branch="false" hits="1" number="28" precision="precise"/>
            <line branch="false" hits="0" number="30" precision="any"/>
            <line branch="false" hits="1" number="33" precision="precise"/>
            <line branch="false" hits="1" number="34" precision="precise"/>
            <line branch="false" hits="1" number="35" precision="precise"/>
            <line branch="false" hits="1" number="36" precision="precise"/>
            <line branch="false" hits="1" number="38" precision="precise"/>
            <line branch="false" hits="1" number="39" precision="precise"/>
            <line branch="false" hits="1" number="41" precision="precise"/>
            <line branch="false" hits="1" number="43" precision="precise"/>
            <line branch="false" hits="1" number="46" precision="precise"/>
            <line branch="false" hits="1" number="47" precision="precise"/>
            <line branch="false" hits="1" number="48" precision="precise"/>
            <line branch="false" hits="1" number="49" precision="precise"/>
            <line branch="false" hits="1" number="51" precision="precise"/>
            <line branch="false" hits="1" number="54" precision="precise"/>
            <line branch="false" hits="1" number="55" precision="precise"/>
            <line branch="false" hits="1" number="56" precision="precise"/>
            <line branch="false" hits="1" number="57" precision="precise"/>
            <line branch="false" hits="1" number="59" precision="precise"/>
            <line branch="false" hits="1" number="61" precision="precise"/>
            <line branch="false" hits="0" number="63" precision="any"/>
            <line branch="false" hits="0" number="64" precision="any"/>
            <line branch="false" hits="0" number="65" precision="any"/>
            <line branch="false" hits="0" number="67" precision="any"/>
            <line branch="false" hits="0" number="68" precision="any"/>
            <line branch="false" hits="0" number="70" precision="any"/>
            <line branch="false" hits="0" number="71" precision="any"/>
            <line branch="false" hits="0" number="73" precision="any"/>
            <line branch="false" hits="0" number="75" precision="any"/>
            <line branch="false" hits="0" number="77" precision="any"/>
            <line branch="false" hits="0" number="79" precision="any"/>
            <line branch="false" hits="1" number="80" precision="precise"/>
            <line branch="false" hits="1" number="81" precision="precise"/>
            <line branch="false" hits="1" number="82" precision="precise"/>
            <line branch="false" hits="1" number="87" precision="precise"/>
            <line branch="false" hits="1" number="88" precision="precise"/>
            <line branch="false" hits="1" number="89" precision="precise"/>
            <line branch="false" hits="1" number="92" precision="precise"/>
            <line branch="false" hits="0" number="93" precision="any"/>
            <line branch="false" hits="1" number="94" precision="precise"/>
            <line branch="false" hits="0" number="96" precision="any"/>
            <line branch="false" hits="1" number="97" precision="precise"/>
            <line branch="false" hits="1" number="98" precision="precise"/>
            <line branch="false" hits="1" number="99" precision="precise"/>
            <line branch="false" hits="1" number="100" precision="precise"/>
            <line branch="false" hits="1" number="101" precision="precise"/>
            <line branch="false" hits="1" number="102" precision="precise"/>
            <line branch="false" hits="1" number="104" precision="precise"/>
            <line branch="false" hits="1" number="105" precision="precise"/>
            <line branch="false" hits="1" number="106" precision="precise"/>
            <line branch="false" hits="1" number="109" precision="precise"/>
            <line branch="false" hits="1" number="110" precision="precise"/>
            <line branch="false" hits="0" number="112" precision="any"/>
            <line branch="false" hits="1" number="113" precision="precise"/>
            <line branch="false" hits="0" number="115" precision="any"/>
            <line branch="false" hits="1" number="116" precision="precise"/>
            <line branch="false" hits="1" number="117" precision="precise"/>
            <line branch="false" hits="1" number="118" precision="precise"/>
            <line branch="false" hits="1" number="119" precision="precise"/>
            <line branch="false" hits="1" number="120" precision="precise"/>
            <line branch="false" hits="1" number="121" precision="precise"/>
            <line branch="false" hits="0" number="123" precision="any"/>
            <line branch="false" hits="0" number="124" precision="any"/>
            <line branch="false" hits="0" number="125" precision="any"/>
            <line branch="false" hits="1" number="128" precision="precise"/>
            <line branch="false" hits="1" number="129" precision="precise"/>
          </lines>
        </class>
      </classes>
    </package>
    <package complexity="1.0" name="utils" branch-rate="0" line-rate="0.7009">
      <classes>
        <class complexity="1.0" filename="wtp_cli/utils.py" name="utils.py" branch-rate="0" line-rate="0.7009">
          <methods/>
          <lines>
            <line branch="false" hits="1" number="10" precision="precise"/>
            <line branch="false" hits="1" number="11" precision="precise"/>
            <line branch="false" hits="1" number="12" precision="precise"/>
            <line branch="false" hits="1" number="13" precision="precise"/>
            <line branch="false" hits="1" number="14" precision="precise"/>
            <line branch="false" hits="1" number="15" precision="precise"/>
            <line branch="false" hits="1" number="17" precision="precise"/>
            <line branch="false" hits="0" number="18" precision="any"/>
            <line branch="false" hits="1" number="19" precision="precise"/>
            <line branch="false" hits="1" number="21" precision="precise"/>
            <line branch="false" hits="1" number="23" precision="precise"/>
            <line branch="false" hits="1" number="24" precision="precise"/>
            <line branch="false" hits="1" number="25" precision="precise"/>
            <line branch="false" hits="1" number="26" precision="precise"/>
            <line branch="false" hits="1" number="27" precision="precise"/>
            <line branch="false" hits="1" number="31" precision="precise"/>
            <line branch="false" hits="1" number="34" precision="precise"/>
            <line branch="false" hits="1" number="36" precision="precise"/>
            <line branch="false" hits="0" number="40" precision="any"/>
            <line branch="false" hits="1" number="43" precision="precise"/>
            <line branch="false" hits="1" number="45" precision="precise"/>
            <line branch="false" hits="1" number="46" precision="precise"/>
            <line branch="false" hits="1" number="47" precision="precise"/>
            <line branch="false" hits="1" number="48" precision="precise"/>
            <line branch="false" hits="1" number="51" precision="precise"/>
            <line branch="false" hits="1" number="52" precision="precise"/>
            <line branch="false" hits="1" number="54" precision="precise"/>
            <line branch="false" hits="1" number="55" precision="precise"/>
            <line branch="false" hits="1" number="57" precision="precise"/>
            <line branch="false" hits="1" number="58" precision="precise"/>
            <line branch="false" hits="1" number="61" precision="precise"/>
            <line branch="false" hits="1" number="62" precision="precise"/>
            <line branch="false" hits="1" number="63" precision="precise"/>
            <line branch="false" hits="1" number="65" precision="precise"/>
            <line branch="false" hits="1" number="67" precision="precise"/>
            <line branch="false" hits="1" number="68" precision="precise"/>
            <line branch="false" hits="1" number="69" precision="precise"/>
            <line branch="false" hits="1" number="72" precision="precise"/>
            <line branch="false" hits="1" number="74" precision="precise"/>
            <line branch="false" hits="1" number="75" precision="precise"/>
            <line branch="false" hits="1" number="77" precision="precise"/>
            <line branch="false" hits="1" number="80" precision="precise"/>
            <line branch="false" hits="1" number="82" precision="precise"/>
            <line branch="false" hits="1" number="84" precision="precise"/>
            <line branch="false" hits="1" number="86" precision="precise"/>
            <line branch="false" hits="1" number="87" precision="precise"/>
            <line branch="false" hits="1" number="89" precision="precise"/>
            <line branch="false" hits="1" number="90" precision="precise"/>
            <line branch="false" hits="1" number="91" precision="precise"/>
            <line branch="false" hits="1" number="93" precision="precise"/>
            <line branch="false" hits="1" number="95" precision="precise"/>
            <line branch="false" hits="1" number="97" precision="precise"/>
            <line branch="true" hits="1" number="100" precision="imprecise" condition-coverage="50% (1/2)"/>
            <line branch="false" hits="1" number="103" precision="precise"/>
            <line branch="false" hits="1" number="104" precision="precise"/>
            <line branch="false" hits="0" number="105" precision="any"/>
            <line branch="false" hits="1" number="106" precision="precise"/>
            <line branch="false" hits="0" number="108" precision="any"/>
            <line branch="false" hits="1" number="111" precision="precise"/>
            <line branch="false" hits="1" number="112" precision="precise"/>
            <line branch="false" hits="1" number="113" precision="precise"/>
            <line branch="false" hits="1" number="114" precision="precise"/>
            <line branch="false" hits="1" number="115" precision="precise"/>
            <line branch="false" hits="0" number="122" precision="any"/>
            <line branch="false" hits="0" number="123" precision="any"/>
            <line branch="false" hits="0" number="125" precision="any"/>
            <line branch="false" hits="0" number="126" precision="any"/>
            <line branch="false" hits="0" number="127" precision="any"/>
            <line branch="false" hits="0" number="128" precision="any"/>
            <line branch="false" hits="1" number="129" precision="precise"/>
            <line branch="false" hits="0" number="130" precision="any"/>
            <line branch="false" hits="1" number="131" precision="precise"/>
            <line branch="false" hits="0" number="132" precision="any"/>
            <line branch="false" hits="1" number="135" precision="precise"/>
            <line branch="false" hits="0" number="136" precision="any"/>
            <line branch="false" hits="0" number="138" precision="any"/>
            <line branch="false" hits="1" number="140" precision="precise"/>
            <line branch="false" hits="1" number="142" precision="precise"/>
            <line branch="false" hits="1" number="145" precision="precise"/>
            <line branch="false" hits="1" number="146" precision="precise"/>
            <line branch="false" hits="1" number="147" precision="precise"/>
            <line branch="false" hits="1" number="148" precision="precise"/>
            <line branch="false" hits="1" number="149" precision="precise"/>
            <line branch="false" hits="0" number="156" precision="any"/>
            <line branch="false" hits="0" number="157" precision="any"/>
            <line branch="false" hits="0" number="159" precision="any"/>
            <line branch="false" hits="0" number="160" precision="any"/>
            <line branch="false" hits="0" number="161" precision="any"/>
            <line branch="false" hits="0" number="162" precision="any"/>
            <line branch="false" hits="1" number="163" precision="precise"/>
            <line branch="false" hits="0" number="164" precision="any"/>
            <line branch="false" hits="1" number="165" precision="precise"/>
            <line branch="false" hits="1" number="168" precision="precise"/>
            <line branch="false" hits="0" number="169" precision="any"/>
            <line branch="false" hits="0" number="171" precision="any"/>
            <line branch="false" hits="1" number="173" precision="precise"/>
            <line branch="false" hits="1" number="175" precision="precise"/>
            <line branch="false" hits="0" number="178" precision="any"/>
            <line branch="false" hits="0" number="184" precision="any"/>
            <line branch="false" hits="0" number="185" precision="any"/>
            <line branch="false" hits="0" number="186" precision="any"/>
            <line branch="false" hits="0" number="187" precision="any"/>
            <line branch="false" hits="0" number="189" precision="any"/>
            <line branch="false" hits="0" number="191" precision="any"/>
            <line branch="false" hits="0" number="192" precision="any"/>
            <line branch="false" hits="0" number="194" precision="any"/>
            <line branch="false" hits="1" number="196" precision="precise"/>
          </lines>
        </class>
      </classes>
    </package>
  </packages>
</coverage>
